<?xml version="1.0" encoding="UTF-8"?>
<testsuite xmlns:xsi="http://www.w3.org/2001/XMLSchema-instance" xsi:noNamespaceSchemaLocation="https://maven.apache.org/surefire/maven-surefire-plugin/xsd/surefire-test-report.xsd" version="3.0.1" name="com.example.helloworld.AppTest" time="0.092" tests="1" errors="0" skipped="0" failures="0">
  <properties>
    <property name="java.specification.version" value="17"/>
    <property name="sun.cpu.isalist" value="amd64"/>
    <property name="sun.jnu.encoding" value="Cp1252"/>
    <property name="java.class.path" value="C:\Users\kumra.RAHUL\eclipse-workspace\helloworld\target\test-classes;C:\Users\kumra.RAHUL\eclipse-workspace\helloworld\target\classes;C:\Users\kumra.RAHUL\.m2\repository\org\junit\jupiter\junit-jupiter-api\5.11.0\junit-jupiter-api-5.11.0.jar;C:\Users\kumra.RAHUL\.m2\repository\org\opentest4j\opentest4j\1.3.0\opentest4j-1.3.0.jar;C:\Users\kumra.RAHUL\.m2\repository\org\junit\platform\junit-platform-commons\1.11.0\junit-platform-commons-1.11.0.jar;C:\Users\kumra.RAHUL\.m2\repository\org\apiguardian\apiguardian-api\1.1.2\apiguardian-api-1.1.2.jar;C:\Users\kumra.RAHUL\.m2\repository\org\junit\jupiter\junit-jupiter-params\5.11.0\junit-jupiter-params-5.11.0.jar;"/>
    <property name="java.vm.vendor" value="Oracle Corporation"/>
    <property name="sun.arch.data.model" value="64"/>
    <property name="user.variant" value=""/>
    <property name="java.vendor.url" value="https://java.oracle.com/"/>
    <property name="user.timezone" value="Asia/Calcutta"/>
    <property name="os.name" value="Windows 11"/>
    <property name="java.vm.specification.version" value="17"/>
    <property name="sun.java.launcher" value="SUN_STANDARD"/>
    <property name="user.country" value="IN"/>
    <property name="sun.boot.library.path" value="C:\Users\kumra.RAHUL\Downloads\jdk-17.0.14_windows-x64_bin\jdk-17.0.14\bin"/>
    <property name="sun.java.command" value="C:\Users\kumra.RAHUL\AppData\Local\Temp\surefire6649092810793555045\surefirebooter-20250507113123745_3.jar C:\Users\kumra.RAHUL\AppData\Local\Temp\surefire6649092810793555045 2025-05-07T11-31-23_412-jvmRun1 surefire-20250507113123745_1tmp surefire_0-20250507113123745_2tmp"/>
    <property name="jdk.debug" value="release"/>
    <property name="surefire.test.class.path" value="C:\Users\kumra.RAHUL\eclipse-workspace\helloworld\target\test-classes;C:\Users\kumra.RAHUL\eclipse-workspace\helloworld\target\classes;C:\Users\kumra.RAHUL\.m2\repository\org\junit\jupiter\junit-jupiter-api\5.11.0\junit-jupiter-api-5.11.0.jar;C:\Users\kumra.RAHUL\.m2\repository\org\opentest4j\opentest4j\1.3.0\opentest4j-1.3.0.jar;C:\Users\kumra.RAHUL\.m2\repository\org\junit\platform\junit-platform-commons\1.11.0\junit-platform-commons-1.11.0.jar;C:\Users\kumra.RAHUL\.m2\repository\org\apiguardian\apiguardian-api\1.1.2\apiguardian-api-1.1.2.jar;C:\Users\kumra.RAHUL\.m2\repository\org\junit\jupiter\junit-jupiter-params\5.11.0\junit-jupiter-params-5.11.0.jar;"/>
    <property name="sun.cpu.endian" value="little"/>
    <property name="user.home" value="C:\Users\kumra.RAHUL"/>
    <property name="user.language" value="en"/>
    <property name="java.specification.vendor" value="Oracle Corporation"/>
    <property name="java.version.date" value="2025-01-21"/>
    <property name="java.home" value="C:\Users\kumra.RAHUL\Downloads\jdk-17.0.14_windows-x64_bin\jdk-17.0.14"/>
    <property name="file.separator" value="\"/>
    <property name="style.color" value="always"/>
    <property name="basedir" value="C:\Users\kumra.RAHUL\eclipse-workspace\helloworld"/>
    <property name="java.vm.compressedOopsMode" value="32-bit"/>
    <property name="line.separator" value="&#10;"/>
    <property name="java.vm.specification.vendor" value="Oracle Corporation"/>
    <property name="java.specification.name" value="Java Platform API Specification"/>
    <property name="surefire.real.class.path" value="C:\Users\kumra.RAHUL\AppData\Local\Temp\surefire6649092810793555045\surefirebooter-20250507113123745_3.jar"/>
    <property name="user.script" value=""/>
    <property name="sun.management.compiler" value="HotSpot 64-Bit Tiered Compilers"/>
    <property name="java.runtime.version" value="17.0.14+8-LTS-191"/>
    <property name="user.name" value="kumra"/>
    <property name="path.separator" value=";"/>
    <property name="os.version" value="10.0"/>
    <property name="java.runtime.name" value="Java(TM) SE Runtime Environment"/>
    <property name="file.encoding" value="Cp1252"/>
    <property name="java.vm.name" value="Java HotSpot(TM) 64-Bit Server VM"/>
    <property name="localRepository" value="C:\Users\kumra.RAHUL\.m2\repository"/>
    <property name="java.vendor.url.bug" value="https://bugreport.java.com/bugreport/"/>
    <property name="java.io.tmpdir" value="C:\Users\KUMRA~1.RAH\AppData\Local\Temp\"/>
    <property name="java.version" value="17.0.14"/>
    <property name="user.dir" value="C:\Users\kumra.RAHUL\eclipse-workspace\helloworld"/>
    <property name="os.arch" value="amd64"/>
    <property name="java.vm.specification.name" value="Java Virtual Machine Specification"/>
    <property name="sun.os.patch.level" value=""/>
    <property name="native.encoding" value="Cp1252"/>
    <property name="java.library.path" value="C:\Users\kumra.RAHUL\Downloads\jdk-17.0.14_windows-x64_bin\jdk-17.0.14\bin;C:\WINDOWS\Sun\Java\bin;C:\WINDOWS\system32;C:\WINDOWS;C:/Users/kumra.RAHUL/Downloads/jdk-21_windows-x64_bin/jdk-21.0.6/bin/server;C:/Users/kumra.RAHUL/Downloads/jdk-21_windows-x64_bin/jdk-21.0.6/bin;C:\Windows\system32;C:\Windows;C:\Windows\System32\Wbem;C:\Windows\System32\WindowsPowerShell\v1.0\;C:\Windows\System32\OpenSSH\;C:\Program Files (x86)\NVIDIA Corporation\PhysX\Common;C:\Users\kumra.RAHUL\Downloads\gcc-14.1.0\bin;C:\Program Files\Git\cmd;C:\Users\kumra.RAHUL\Downloads\cmake-3.31.0-windows-x86_64\cmake-3.31.0-windows-x86_64\bin;C:\Program Files\NVIDIA Corporation\NVIDIA app\NvDLISR;C:\WINDOWS\system32;C:\WINDOWS;C:\WINDOWS\System32\Wbem;C:\WINDOWS\System32\WindowsPowerShell\v1.0\;C:\WINDOWS\System32\OpenSSH\;%MAVEN_HOME%\bin;C:\Users\kumra.RAHUL\Downloads\jdk-21_windows-x64_bin\jdk-21.0.6\bin;C:\Users\kumra.RAHUL\Downloads\gradle-8.13-bin\gradle-8.13\bin;C:\Users\kumra.RAHUL\Downloads\apache-maven-3.9.9-bin\apache-maven-3.9.9\bin;C:\Users\kumra.RAHUL\Downloads\jdk-17.0.14_windows-x64_bin\jdk-17.0.14\bin;C:\Users\kumra.RAHUL\Downloads\apache-tomcat-9.0.100-windows-x64 (3).zip\apache-tomcat-9.0.100\bin;C:\Users\kumra.RAHUL\Downloads\apache-tomcat-9.0.100-windows-x64 (3)\apache-tomcat-9.0.100\bin;C:\Users\kumra.RAHUL\AppData\Local\Programs\Python\Python312\Scripts\;C:\Users\kumra.RAHUL\AppData\Local\Programs\Python\Python312\;C:\Program Files\MySQL\MySQL Shell 8.0\bin\;C:\Users\kumra.RAHUL\AppData\Local\Programs\Python\Python313\Scripts\;C:\Users\kumra.RAHUL\AppData\Local\Programs\Python\Python313\;C:\Users\kumra.RAHUL\AppData\Local\Microsoft\WindowsApps;C:\Users\kumra.RAHUL\AppData\Local\Programs\Microsoft VS Code\bin;C:\Users\kumra.RAHUL\Downloads\jdk-21_windows-x64_bin.zip\jdk-21.0.6\bin;C:\Users\kumra.RAHUL\Downloads\apache-tomcat-9.0.100-windows-x64 (3).zip\apache-tomcat-9.0.100\bin;;C:\WINDOWS\System32;;."/>
    <property name="java.vm.info" value="mixed mode, sharing"/>
    <property name="java.vendor" value="Oracle Corporation"/>
    <property name="java.vm.version" value="17.0.14+8-LTS-191"/>
    <property name="java.specification.maintenance.version" value="1"/>
    <property name="sun.io.unicode.encoding" value="UnicodeLittle"/>
    <property name="java.class.version" value="61.0"/>
  </properties>
  <testcase name="shouldAnswerWithTrue" classname="com.example.helloworld.AppTest" time="0.045"/>
</testsuite>